<?xml version="1.0" encoding="UTF-8"?>
<coverage generated="1644926243861" clover="3.2.0">
  <project timestamp="1644926243862" name="All files">
    <metrics statements="67" coveredstatements="67" conditionals="22" coveredconditionals="21" methods="19" coveredmethods="19" elements="108" coveredelements="107" complexity="0" loc="67" ncloc="67" packages="1" files="2" classes="2"/>
    <file name="errorId.js" path="/Users/pocky/code/pocky_project/uniapp-router-view-loader/src/errorId.js">
      <metrics statements="0" coveredstatements="0" conditionals="0" coveredconditionals="0" methods="0" coveredmethods="0"/>
    </file>
    <file name="utils.js" path="/Users/pocky/code/pocky_project/uniapp-router-view-loader/src/utils.js">
      <metrics statements="67" coveredstatements="67" conditionals="22" coveredconditionals="21" methods="19" coveredmethods="19"/>
      <line num="17" count="5" type="stmt"/>
      <line num="18" count="13" type="stmt"/>
      <line num="27" count="5" type="stmt"/>
      <line num="28" count="9" type="stmt"/>
      <line num="29" count="9" type="stmt"/>
      <line num="31" count="9" type="stmt"/>
      <line num="38" count="5" type="stmt"/>
      <line num="39" count="3" type="stmt"/>
      <line num="40" count="3" type="stmt"/>
      <line num="41" count="2" type="cond" truecount="1" falsecount="0"/>
      <line num="42" count="2" type="stmt"/>
      <line num="44" count="2" type="stmt"/>
      <line num="45" count="4" type="stmt"/>
      <line num="48" count="2" type="stmt"/>
      <line num="49" count="2" type="stmt"/>
      <line num="50" count="4" type="stmt"/>
      <line num="54" count="2" type="stmt"/>
      <line num="56" count="1" type="stmt"/>
      <line num="57" count="1" type="stmt"/>
      <line num="67" count="5" type="stmt"/>
      <line num="68" count="7" type="stmt"/>
      <line num="76" count="5" type="stmt"/>
      <line num="77" count="7" type="stmt"/>
      <line num="96" count="5" type="stmt"/>
      <line num="98" count="3" type="stmt"/>
      <line num="100" count="3" type="cond" truecount="10" falsecount="0"/>
      <line num="103" count="1" type="stmt"/>
      <line num="104" count="1" type="stmt"/>
      <line num="105" count="1" type="stmt"/>
      <line num="109" count="1" type="stmt"/>
      <line num="111" count="1" type="stmt"/>
      <line num="124" count="1" type="stmt"/>
      <line num="125" count="1" type="stmt"/>
      <line num="126" count="1" type="stmt"/>
      <line num="129" count="1" type="stmt"/>
      <line num="135" count="1" type="stmt"/>
      <line num="152" count="5" type="stmt"/>
      <line num="154" count="3" type="stmt"/>
      <line num="157" count="3" type="stmt"/>
      <line num="161" count="15" type="stmt"/>
      <line num="185" count="5" type="stmt"/>
      <line num="186" count="3" type="stmt"/>
      <line num="187" count="3" type="stmt"/>
      <line num="188" count="3" type="stmt"/>
      <line num="190" count="3" type="stmt"/>
      <line num="191" count="3" type="stmt"/>
      <line num="193" count="3" type="stmt"/>
      <line num="194" count="15" type="cond" truecount="2" falsecount="0"/>
      <line num="195" count="3" type="stmt"/>
      <line num="196" count="3" type="stmt"/>
      <line num="197" count="3" type="stmt"/>
      <line num="200" count="12" type="cond" truecount="2" falsecount="0"/>
      <line num="201" count="4" type="stmt"/>
      <line num="203" count="8" type="stmt"/>
      <line num="208" count="3" type="cond" truecount="2" falsecount="0"/>
      <line num="209" count="1" type="stmt"/>
      <line num="210" count="2" type="cond" truecount="2" falsecount="0"/>
      <line num="211" count="1" type="stmt"/>
      <line num="214" count="1" type="stmt"/>
      <line num="224" count="5" type="stmt"/>
      <line num="225" count="7" type="stmt"/>
      <line num="233" count="5" type="cond" truecount="0" falsecount="1"/>
      <line num="234" count="6" type="stmt"/>
      <line num="236" count="6" type="cond" truecount="2" falsecount="0"/>
      <line num="238" count="1" type="stmt"/>
      <line num="239" count="1" type="stmt"/>
      <line num="242" count="5" type="stmt"/>
    </file>
  </project>
</coverage>
