{"/Users/pocky/code/pocky_project/uniapp-router-view-loader/src/errorId.js": {"path":"/Users/pocky/code/pocky_project/uniapp-router-view-loader/src/errorId.js","statementMap":{},"fnMap":{},"branchMap":{},"s":{},"f":{},"b":{},"_coverageSchema":"1a1c01bbd47fc00a2c39e90264f33305004495a9","hash":"0dcfc9d495f110d1745608f70152bba56d0e4e25"}
,"/Users/pocky/code/pocky_project/uniapp-router-view-loader/src/utils.js": {"path":"/Users/pocky/code/pocky_project/uniapp-router-view-loader/src/utils.js","statementMap":{"0":{"start":{"line":17,"column":23},"end":{"line":19,"column":1}},"1":{"start":{"line":18,"column":4},"end":{"line":18,"column":51}},"2":{"start":{"line":27,"column":31},"end":{"line":32,"column":1}},"3":{"start":{"line":28,"column":21},"end":{"line":28,"column":54}},"4":{"start":{"line":29,"column":16},"end":{"line":29,"column":51}},"5":{"start":{"line":31,"column":4},"end":{"line":31,"column":15}},"6":{"start":{"line":38,"column":39},"end":{"line":59,"column":1}},"7":{"start":{"line":39,"column":4},"end":{"line":58,"column":5}},"8":{"start":{"line":40,"column":20},"end":{"line":40,"column":101}},"9":{"start":{"line":41,"column":44},"end":{"line":41,"column":59}},"10":{"start":{"line":42,"column":21},"end":{"line":42,"column":23}},"11":{"start":{"line":44,"column":8},"end":{"line":46,"column":10}},"12":{"start":{"line":45,"column":12},"end":{"line":45,"column":63}},"13":{"start":{"line":48,"column":8},"end":{"line":52,"column":10}},"14":{"start":{"line":49,"column":12},"end":{"line":51,"column":14}},"15":{"start":{"line":50,"column":16},"end":{"line":50,"column":80}},"16":{"start":{"line":54,"column":8},"end":{"line":54,"column":20}},"17":{"start":{"line":56,"column":8},"end":{"line":56,"column":22}},"18":{"start":{"line":57,"column":8},"end":{"line":57,"column":38}},"19":{"start":{"line":67,"column":31},"end":{"line":69,"column":1}},"20":{"start":{"line":68,"column":4},"end":{"line":68,"column":55}},"21":{"start":{"line":68,"column":46},"end":{"line":68,"column":54}},"22":{"start":{"line":76,"column":31},"end":{"line":78,"column":1}},"23":{"start":{"line":77,"column":4},"end":{"line":77,"column":77}},"24":{"start":{"line":77,"column":68},"end":{"line":77,"column":76}},"25":{"start":{"line":96,"column":40},"end":{"line":137,"column":1}},"26":{"start":{"line":98,"column":18},"end":{"line":98,"column":20}},"27":{"start":{"line":100,"column":4},"end":{"line":136,"column":5}},"28":{"start":{"line":103,"column":39},"end":{"line":106,"column":56}},"29":{"start":{"line":104,"column":16},"end":{"line":104,"column":28}},"30":{"start":{"line":105,"column":16},"end":{"line":105,"column":26}},"31":{"start":{"line":109,"column":12},"end":{"line":109,"column":88}},"32":{"start":{"line":111,"column":12},"end":{"line":114,"column":14}},"33":{"start":{"line":124,"column":12},"end":{"line":127,"column":14}},"34":{"start":{"line":125,"column":16},"end":{"line":125,"column":28}},"35":{"start":{"line":126,"column":16},"end":{"line":126,"column":26}},"36":{"start":{"line":129,"column":12},"end":{"line":132,"column":13}},"37":{"start":{"line":135,"column":12},"end":{"line":135,"column":42}},"38":{"start":{"line":152,"column":40},"end":{"line":178,"column":1}},"39":{"start":{"line":154,"column":4},"end":{"line":154,"column":51}},"40":{"start":{"line":157,"column":24},"end":{"line":157,"column":83}},"41":{"start":{"line":161,"column":4},"end":{"line":161,"column":69}},"42":{"start":{"line":161,"column":38},"end":{"line":161,"column":67}},"43":{"start":{"line":185,"column":56},"end":{"line":218,"column":1}},"44":{"start":{"line":186,"column":26},"end":{"line":186,"column":64}},"45":{"start":{"line":187,"column":19},"end":{"line":187,"column":21}},"46":{"start":{"line":188,"column":19},"end":{"line":188,"column":21}},"47":{"start":{"line":190,"column":15},"end":{"line":190,"column":20}},"48":{"start":{"line":191,"column":16},"end":{"line":191,"column":17}},"49":{"start":{"line":193,"column":4},"end":{"line":205,"column":6}},"50":{"start":{"line":194,"column":8},"end":{"line":198,"column":9}},"51":{"start":{"line":195,"column":12},"end":{"line":195,"column":24}},"52":{"start":{"line":196,"column":12},"end":{"line":196,"column":19}},"53":{"start":{"line":197,"column":12},"end":{"line":197,"column":24}},"54":{"start":{"line":200,"column":8},"end":{"line":204,"column":9}},"55":{"start":{"line":201,"column":12},"end":{"line":201,"column":30}},"56":{"start":{"line":203,"column":12},"end":{"line":203,"column":30}},"57":{"start":{"line":208,"column":4},"end":{"line":212,"column":5}},"58":{"start":{"line":209,"column":8},"end":{"line":209,"column":38}},"59":{"start":{"line":210,"column":11},"end":{"line":212,"column":5}},"60":{"start":{"line":211,"column":8},"end":{"line":211,"column":38}},"61":{"start":{"line":214,"column":4},"end":{"line":217,"column":5}},"62":{"start":{"line":224,"column":26},"end":{"line":226,"column":1}},"63":{"start":{"line":225,"column":4},"end":{"line":225,"column":23}},"64":{"start":{"line":233,"column":21},"end":{"line":244,"column":1}},"65":{"start":{"line":234,"column":15},"end":{"line":234,"column":27}},"66":{"start":{"line":236,"column":4},"end":{"line":243,"column":5}},"67":{"start":{"line":238,"column":12},"end":{"line":238,"column":38}},"68":{"start":{"line":239,"column":12},"end":{"line":239,"column":18}},"69":{"start":{"line":242,"column":12},"end":{"line":242,"column":42}}},"fnMap":{"0":{"name":"(anonymous_0)","decl":{"start":{"line":17,"column":23},"end":{"line":17,"column":24}},"loc":{"start":{"line":17,"column":37},"end":{"line":19,"column":1}},"line":17},"1":{"name":"(anonymous_1)","decl":{"start":{"line":27,"column":31},"end":{"line":27,"column":32}},"loc":{"start":{"line":27,"column":59},"end":{"line":32,"column":1}},"line":27},"2":{"name":"(anonymous_2)","decl":{"start":{"line":38,"column":39},"end":{"line":38,"column":40}},"loc":{"start":{"line":38,"column":57},"end":{"line":59,"column":1}},"line":38},"3":{"name":"(anonymous_3)","decl":{"start":{"line":44,"column":22},"end":{"line":44,"column":23}},"loc":{"start":{"line":44,"column":36},"end":{"line":46,"column":9}},"line":44},"4":{"name":"(anonymous_4)","decl":{"start":{"line":48,"column":28},"end":{"line":48,"column":29}},"loc":{"start":{"line":48,"column":49},"end":{"line":52,"column":9}},"line":48},"5":{"name":"(anonymous_5)","decl":{"start":{"line":49,"column":26},"end":{"line":49,"column":27}},"loc":{"start":{"line":49,"column":40},"end":{"line":51,"column":13}},"line":49},"6":{"name":"(anonymous_6)","decl":{"start":{"line":67,"column":31},"end":{"line":67,"column":32}},"loc":{"start":{"line":67,"column":55},"end":{"line":69,"column":1}},"line":67},"7":{"name":"(anonymous_7)","decl":{"start":{"line":68,"column":41},"end":{"line":68,"column":42}},"loc":{"start":{"line":68,"column":46},"end":{"line":68,"column":54}},"line":68},"8":{"name":"(anonymous_8)","decl":{"start":{"line":76,"column":31},"end":{"line":76,"column":32}},"loc":{"start":{"line":76,"column":55},"end":{"line":78,"column":1}},"line":76},"9":{"name":"(anonymous_9)","decl":{"start":{"line":77,"column":63},"end":{"line":77,"column":64}},"loc":{"start":{"line":77,"column":68},"end":{"line":77,"column":76}},"line":77},"10":{"name":"(anonymous_10)","decl":{"start":{"line":96,"column":40},"end":{"line":96,"column":41}},"loc":{"start":{"line":96,"column":58},"end":{"line":137,"column":1}},"line":96},"11":{"name":"(anonymous_11)","decl":{"start":{"line":103,"column":94},"end":{"line":103,"column":95}},"loc":{"start":{"line":103,"column":99},"end":{"line":106,"column":13}},"line":103},"12":{"name":"(anonymous_12)","decl":{"start":{"line":124,"column":69},"end":{"line":124,"column":70}},"loc":{"start":{"line":124,"column":74},"end":{"line":127,"column":13}},"line":124},"13":{"name":"(anonymous_13)","decl":{"start":{"line":152,"column":40},"end":{"line":152,"column":41}},"loc":{"start":{"line":152,"column":58},"end":{"line":178,"column":1}},"line":152},"14":{"name":"(anonymous_14)","decl":{"start":{"line":161,"column":27},"end":{"line":161,"column":28}},"loc":{"start":{"line":161,"column":38},"end":{"line":161,"column":67}},"line":161},"15":{"name":"(anonymous_15)","decl":{"start":{"line":185,"column":56},"end":{"line":185,"column":57}},"loc":{"start":{"line":185,"column":77},"end":{"line":218,"column":1}},"line":185},"16":{"name":"(anonymous_16)","decl":{"start":{"line":193,"column":22},"end":{"line":193,"column":23}},"loc":{"start":{"line":193,"column":31},"end":{"line":205,"column":5}},"line":193},"17":{"name":"(anonymous_17)","decl":{"start":{"line":224,"column":26},"end":{"line":224,"column":27}},"loc":{"start":{"line":224,"column":38},"end":{"line":226,"column":1}},"line":224},"18":{"name":"(anonymous_18)","decl":{"start":{"line":233,"column":21},"end":{"line":233,"column":22}},"loc":{"start":{"line":233,"column":50},"end":{"line":244,"column":1}},"line":233}},"branchMap":{"0":{"loc":{"start":{"line":41,"column":23},"end":{"line":41,"column":39}},"type":"default-arg","locations":[{"start":{"line":41,"column":37},"end":{"line":41,"column":39}}],"line":41},"1":{"loc":{"start":{"line":100,"column":4},"end":{"line":136,"column":5}},"type":"switch","locations":[{"start":{"line":101,"column":8},"end":{"line":114,"column":14}},{"start":{"line":116,"column":8},"end":{"line":116,"column":25}},{"start":{"line":117,"column":8},"end":{"line":117,"column":25}},{"start":{"line":118,"column":8},"end":{"line":118,"column":24}},{"start":{"line":119,"column":8},"end":{"line":119,"column":26}},{"start":{"line":120,"column":8},"end":{"line":120,"column":27}},{"start":{"line":121,"column":8},"end":{"line":121,"column":23}},{"start":{"line":122,"column":8},"end":{"line":122,"column":32}},{"start":{"line":123,"column":8},"end":{"line":132,"column":13}},{"start":{"line":134,"column":8},"end":{"line":135,"column":42}}],"line":100},"2":{"loc":{"start":{"line":194,"column":8},"end":{"line":198,"column":9}},"type":"if","locations":[{"start":{"line":194,"column":8},"end":{"line":198,"column":9}},{"start":{},"end":{}}],"line":194},"3":{"loc":{"start":{"line":200,"column":8},"end":{"line":204,"column":9}},"type":"if","locations":[{"start":{"line":200,"column":8},"end":{"line":204,"column":9}},{"start":{"line":202,"column":15},"end":{"line":204,"column":9}}],"line":200},"4":{"loc":{"start":{"line":208,"column":4},"end":{"line":212,"column":5}},"type":"if","locations":[{"start":{"line":208,"column":4},"end":{"line":212,"column":5}},{"start":{"line":210,"column":11},"end":{"line":212,"column":5}}],"line":208},"5":{"loc":{"start":{"line":210,"column":11},"end":{"line":212,"column":5}},"type":"if","locations":[{"start":{"line":210,"column":11},"end":{"line":212,"column":5}},{"start":{},"end":{}}],"line":210},"6":{"loc":{"start":{"line":233,"column":31},"end":{"line":233,"column":43}},"type":"default-arg","locations":[{"start":{"line":233,"column":38},"end":{"line":233,"column":43}}],"line":233},"7":{"loc":{"start":{"line":236,"column":4},"end":{"line":243,"column":5}},"type":"switch","locations":[{"start":{"line":237,"column":8},"end":{"line":239,"column":18}},{"start":{"line":241,"column":8},"end":{"line":242,"column":42}}],"line":236}},"s":{"0":5,"1":13,"2":5,"3":9,"4":9,"5":9,"6":5,"7":3,"8":3,"9":2,"10":2,"11":2,"12":4,"13":2,"14":2,"15":4,"16":2,"17":1,"18":1,"19":5,"20":7,"21":4,"22":5,"23":7,"24":4,"25":5,"26":3,"27":3,"28":1,"29":1,"30":1,"31":1,"32":1,"33":1,"34":1,"35":1,"36":1,"37":1,"38":5,"39":3,"40":3,"41":3,"42":15,"43":5,"44":3,"45":3,"46":3,"47":3,"48":3,"49":3,"50":15,"51":3,"52":3,"53":3,"54":12,"55":4,"56":8,"57":3,"58":1,"59":2,"60":1,"61":1,"62":5,"63":7,"64":5,"65":6,"66":6,"67":1,"68":1,"69":5},"f":{"0":13,"1":9,"2":3,"3":4,"4":2,"5":4,"6":7,"7":4,"8":7,"9":4,"10":3,"11":1,"12":1,"13":3,"14":15,"15":3,"16":15,"17":7,"18":6},"b":{"0":[1],"1":[1,1,1,1,1,1,1,1,1,1],"2":[3,12],"3":[4,8],"4":[1,2],"5":[1,1],"6":[0],"7":[1,5]},"_coverageSchema":"1a1c01bbd47fc00a2c39e90264f33305004495a9","hash":"665a3e9e96ae3d44dff9a384b30b629c249d0926"}
}
