TN:
SF:src/config.js
FNF:0
FNH:0
DA:6,5
DA:11,5
LF:2
LH:2
BRF:0
BRH:0
end_of_record
TN:
SF:src/index.js
FN:14,getConfigure
FN:30,handleAppVue
FN:49,handleRouteFile
FN:63,(anonymous_3)
FN:72,(anonymous_4)
FN:83,vitePlugin
FN:90,(anonymous_6)
FN:103,(anonymous_7)
FNF:8
FNH:0
FNDA:0,getConfigure
FNDA:0,handleAppVue
FNDA:0,handleRouteFile
FNDA:0,(anonymous_3)
FNDA:0,(anonymous_4)
FNDA:0,vitePlugin
FNDA:0,(anonymous_6)
FNDA:0,(anonymous_7)
DA:4,0
DA:15,0
DA:18,0
DA:20,0
DA:31,0
DA:33,0
DA:34,0
DA:35,0
DA:37,0
DA:38,0
DA:40,0
DA:50,0
DA:52,0
DA:53,0
DA:55,0
DA:64,0
DA:67,0
DA:68,0
DA:72,0
DA:73,0
DA:76,0
DA:84,0
DA:86,0
DA:92,0
DA:93,0
DA:95,0
DA:96,0
DA:97,0
DA:99,0
DA:103,0
DA:104,0
DA:106,0
LF:32
LH:0
BRDA:67,0,0,0
BRDA:67,0,1,0
BRDA:72,1,0,0
BRDA:72,1,1,0
BRDA:92,2,0,0
BRDA:92,2,1,0
BRDA:103,3,0,0
BRDA:103,3,1,0
BRF:8
BRH:0
end_of_record
TN:
SF:src/utils.js
FN:15,(anonymous_0)
FN:25,(anonymous_1)
FN:36,(anonymous_2)
FN:43,(anonymous_3)
FN:47,(anonymous_4)
FN:48,(anonymous_5)
FN:66,(anonymous_6)
FN:67,(anonymous_7)
FN:75,(anonymous_8)
FN:76,(anonymous_9)
FN:95,(anonymous_10)
FN:102,(anonymous_11)
FN:124,(anonymous_12)
FN:152,(anonymous_13)
FN:161,(anonymous_14)
FN:185,(anonymous_15)
FN:193,(anonymous_16)
FN:224,(anonymous_17)
FN:233,(anonymous_18)
FNF:19
FNH:19
FNDA:13,(anonymous_0)
FNDA:9,(anonymous_1)
FNDA:3,(anonymous_2)
FNDA:4,(anonymous_3)
FNDA:2,(anonymous_4)
FNDA:4,(anonymous_5)
FNDA:7,(anonymous_6)
FNDA:4,(anonymous_7)
FNDA:7,(anonymous_8)
FNDA:4,(anonymous_9)
FNDA:3,(anonymous_10)
FNDA:1,(anonymous_11)
FNDA:1,(anonymous_12)
FNDA:3,(anonymous_13)
FNDA:15,(anonymous_14)
FNDA:3,(anonymous_15)
FNDA:15,(anonymous_16)
FNDA:7,(anonymous_17)
FNDA:6,(anonymous_18)
DA:15,5
DA:16,13
DA:25,5
DA:26,9
DA:27,9
DA:29,9
DA:36,5
DA:37,3
DA:38,3
DA:40,2
DA:41,2
DA:43,2
DA:44,4
DA:47,2
DA:48,2
DA:49,4
DA:53,2
DA:55,1
DA:56,1
DA:66,5
DA:67,7
DA:75,5
DA:76,7
DA:95,5
DA:97,3
DA:99,3
DA:102,1
DA:103,1
DA:104,1
DA:108,1
DA:110,1
DA:124,1
DA:125,1
DA:126,1
DA:129,1
DA:135,1
DA:152,5
DA:154,3
DA:157,3
DA:161,15
DA:185,5
DA:186,3
DA:187,3
DA:188,3
DA:190,3
DA:191,3
DA:193,3
DA:194,15
DA:195,3
DA:196,3
DA:197,3
DA:200,12
DA:201,4
DA:203,8
DA:208,3
DA:209,1
DA:210,2
DA:211,1
DA:214,1
DA:224,5
DA:225,7
DA:233,5
DA:234,6
DA:236,6
DA:238,1
DA:239,1
DA:242,5
LF:67
LH:67
BRDA:40,0,0,1
BRDA:99,1,0,1
BRDA:99,1,1,1
BRDA:99,1,2,1
BRDA:99,1,3,1
BRDA:99,1,4,1
BRDA:99,1,5,1
BRDA:99,1,6,1
BRDA:99,1,7,1
BRDA:99,1,8,1
BRDA:99,1,9,1
BRDA:99,1,10,1
BRDA:194,2,0,3
BRDA:194,2,1,12
BRDA:200,3,0,4
BRDA:200,3,1,8
BRDA:208,4,0,1
BRDA:208,4,1,2
BRDA:210,5,0,1
BRDA:210,5,1,1
BRDA:233,6,0,0
BRDA:236,7,0,1
BRDA:236,7,1,5
BRF:23
BRH:22
end_of_record
