TN:
SF:src/errorId.js
FNF:0
FNH:0
LF:0
LH:0
BRF:0
BRH:0
end_of_record
TN:
SF:src/utils.js
FN:17,(anonymous_0)
FN:27,(anonymous_1)
FN:38,(anonymous_2)
FN:44,(anonymous_3)
FN:48,(anonymous_4)
FN:49,(anonymous_5)
FN:67,(anonymous_6)
FN:68,(anonymous_7)
FN:76,(anonymous_8)
FN:77,(anonymous_9)
FN:96,(anonymous_10)
FN:103,(anonymous_11)
FN:124,(anonymous_12)
FN:152,(anonymous_13)
FN:161,(anonymous_14)
FN:185,(anonymous_15)
FN:193,(anonymous_16)
FN:224,(anonymous_17)
FN:233,(anonymous_18)
FNF:19
FNH:19
FNDA:13,(anonymous_0)
FNDA:9,(anonymous_1)
FNDA:3,(anonymous_2)
FNDA:4,(anonymous_3)
FNDA:2,(anonymous_4)
FNDA:4,(anonymous_5)
FNDA:7,(anonymous_6)
FNDA:4,(anonymous_7)
FNDA:7,(anonymous_8)
FNDA:4,(anonymous_9)
FNDA:3,(anonymous_10)
FNDA:1,(anonymous_11)
FNDA:1,(anonymous_12)
FNDA:3,(anonymous_13)
FNDA:15,(anonymous_14)
FNDA:3,(anonymous_15)
FNDA:15,(anonymous_16)
FNDA:7,(anonymous_17)
FNDA:6,(anonymous_18)
DA:17,5
DA:18,13
DA:27,5
DA:28,9
DA:29,9
DA:31,9
DA:38,5
DA:39,3
DA:40,3
DA:41,2
DA:42,2
DA:44,2
DA:45,4
DA:48,2
DA:49,2
DA:50,4
DA:54,2
DA:56,1
DA:57,1
DA:67,5
DA:68,7
DA:76,5
DA:77,7
DA:96,5
DA:98,3
DA:100,3
DA:103,1
DA:104,1
DA:105,1
DA:109,1
DA:111,1
DA:124,1
DA:125,1
DA:126,1
DA:129,1
DA:135,1
DA:152,5
DA:154,3
DA:157,3
DA:161,15
DA:185,5
DA:186,3
DA:187,3
DA:188,3
DA:190,3
DA:191,3
DA:193,3
DA:194,15
DA:195,3
DA:196,3
DA:197,3
DA:200,12
DA:201,4
DA:203,8
DA:208,3
DA:209,1
DA:210,2
DA:211,1
DA:214,1
DA:224,5
DA:225,7
DA:233,5
DA:234,6
DA:236,6
DA:238,1
DA:239,1
DA:242,5
LF:67
LH:67
BRDA:41,0,0,1
BRDA:100,1,0,1
BRDA:100,1,1,1
BRDA:100,1,2,1
BRDA:100,1,3,1
BRDA:100,1,4,1
BRDA:100,1,5,1
BRDA:100,1,6,1
BRDA:100,1,7,1
BRDA:100,1,8,1
BRDA:100,1,9,1
BRDA:194,2,0,3
BRDA:194,2,1,12
BRDA:200,3,0,4
BRDA:200,3,1,8
BRDA:208,4,0,1
BRDA:208,4,1,2
BRDA:210,5,0,1
BRDA:210,5,1,1
BRDA:233,6,0,0
BRDA:236,7,0,1
BRDA:236,7,1,5
BRF:22
BRH:21
end_of_record
